0 info it worked if it ends with ok
1 verbose cli [ 'node',
1 verbose cli   '/usr/local/bin/npm',
1 verbose cli   'install',
1 verbose cli   'nahtivescript-google-maps-sdk',
1 verbose cli   '--save' ]
2 info using npm@2.14.20
3 info using node@v0.12.7
4 verbose install initial load of /Users/tkhunkhe/jiggly_new/jigglybyte_dandyhack16/jigglybyte_dandyhack16/Vote2Eat/app/package.json
5 verbose readDependencies loading dependencies from /Users/tkhunkhe/jiggly_new/jigglybyte_dandyhack16/jigglybyte_dandyhack16/Vote2Eat/app/package.json
6 silly cache add args [ 'nahtivescript-google-maps-sdk', null ]
7 verbose cache add spec nahtivescript-google-maps-sdk
8 silly cache add parsed spec { raw: 'nahtivescript-google-maps-sdk',
8 silly cache add   scope: null,
8 silly cache add   name: 'nahtivescript-google-maps-sdk',
8 silly cache add   rawSpec: '',
8 silly cache add   spec: 'latest',
8 silly cache add   type: 'tag' }
9 silly addNamed nahtivescript-google-maps-sdk@latest
10 verbose addNamed "latest" is being treated as a dist-tag for nahtivescript-google-maps-sdk
11 info addNameTag [ 'nahtivescript-google-maps-sdk', 'latest' ]
12 silly mapToRegistry name nahtivescript-google-maps-sdk
13 silly mapToRegistry using default registry
14 silly mapToRegistry registry https://registry.npmjs.org/
15 silly mapToRegistry uri https://registry.npmjs.org/nahtivescript-google-maps-sdk
16 verbose addNameTag registry:https://registry.npmjs.org/nahtivescript-google-maps-sdk not in flight; fetching
17 verbose request uri https://registry.npmjs.org/nahtivescript-google-maps-sdk
18 verbose request no auth needed
19 info attempt registry request try #1 at 6:43:38 AM
20 verbose request id f9631dfba37dc011
21 http request GET https://registry.npmjs.org/nahtivescript-google-maps-sdk
22 http 404 https://registry.npmjs.org/nahtivescript-google-maps-sdk
23 verbose headers { 'content-type': 'application/json',
23 verbose headers   'cache-control': 'max-age=0',
23 verbose headers   'content-length': '2',
23 verbose headers   'accept-ranges': 'bytes',
23 verbose headers   date: 'Sun, 03 Apr 2016 10:43:38 GMT',
23 verbose headers   via: '1.1 varnish',
23 verbose headers   age: '0',
23 verbose headers   connection: 'keep-alive',
23 verbose headers   'x-served-by': 'cache-jfk1020-JFK',
23 verbose headers   'x-cache': 'MISS',
23 verbose headers   'x-cache-hits': '0',
23 verbose headers   'x-timer': 'S1459680218.690173,VS0,VE24' }
24 silly get cb [ 404,
24 silly get   { 'content-type': 'application/json',
24 silly get     'cache-control': 'max-age=0',
24 silly get     'content-length': '2',
24 silly get     'accept-ranges': 'bytes',
24 silly get     date: 'Sun, 03 Apr 2016 10:43:38 GMT',
24 silly get     via: '1.1 varnish',
24 silly get     age: '0',
24 silly get     connection: 'keep-alive',
24 silly get     'x-served-by': 'cache-jfk1020-JFK',
24 silly get     'x-cache': 'MISS',
24 silly get     'x-cache-hits': '0',
24 silly get     'x-timer': 'S1459680218.690173,VS0,VE24' } ]
25 verbose stack Error: Registry returned 404 for GET on https://registry.npmjs.org/nahtivescript-google-maps-sdk
25 verbose stack     at makeError (/usr/local/lib/node_modules/npm/node_modules/npm-registry-client/lib/request.js:264:12)
25 verbose stack     at CachingRegistryClient.<anonymous> (/usr/local/lib/node_modules/npm/node_modules/npm-registry-client/lib/request.js:242:14)
25 verbose stack     at Request._callback (/usr/local/lib/node_modules/npm/node_modules/npm-registry-client/lib/request.js:172:14)
25 verbose stack     at Request.self.callback (/usr/local/lib/node_modules/npm/node_modules/request/request.js:199:22)
25 verbose stack     at Request.emit (events.js:110:17)
25 verbose stack     at Request.<anonymous> (/usr/local/lib/node_modules/npm/node_modules/request/request.js:1036:10)
25 verbose stack     at Request.emit (events.js:129:20)
25 verbose stack     at IncomingMessage.<anonymous> (/usr/local/lib/node_modules/npm/node_modules/request/request.js:963:12)
25 verbose stack     at IncomingMessage.emit (events.js:129:20)
25 verbose stack     at _stream_readable.js:908:16
26 verbose statusCode 404
27 verbose pkgid nahtivescript-google-maps-sdk
28 verbose cwd /Users/tkhunkhe/jiggly_new/jigglybyte_dandyhack16/jigglybyte_dandyhack16/Vote2Eat/app
29 error Darwin 15.0.0
30 error argv "node" "/usr/local/bin/npm" "install" "nahtivescript-google-maps-sdk" "--save"
31 error node v0.12.7
32 error npm  v2.14.20
33 error code E404
34 error 404 Registry returned 404 for GET on https://registry.npmjs.org/nahtivescript-google-maps-sdk
34 error 404
34 error 404 'nahtivescript-google-maps-sdk' is not in the npm registry.
34 error 404 You should bug the author to publish it (or use the name yourself!)
34 error 404 It was specified as a dependency of 'tns-template-hello-world'
34 error 404
34 error 404 Note that you can also install from a
34 error 404 tarball, folder, http url, or git url.
35 verbose exit [ 1, true ]
